  main.cpp
D:\FRI\3 Letný\SemestralnaPraca2 – tabulky – kópia\LindaBlahovaAUS2\Reader.h(43,10): warning C4101: 'type': unreferenced local variable
D:\FRI\3 Letný\SemestralnaPraca2 – tabulky – kópia\LindaBlahovaAUS2\CompositeFilter.h(44,25): warning C4267: 'return': conversion from 'size_t' to 'int', possible loss of data
D:\FRI\3 Letný\SemestralnaPraca2 – tabulky – kópia\LindaBlahovaAUS2\Tasks.h(188,14): warning C4566: character represented by universal-character-name '\u0165' cannot be represented in the current code page (1252)
D:\FRI\3 Letný\SemestralnaPraca2 – tabulky – kópia\LindaBlahovaAUS2\Tasks.h(188,14): warning C4566: character represented by universal-character-name '\u010D' cannot be represented in the current code page (1252)
D:\FRI\3 Letný\SemestralnaPraca2 – tabulky – kópia\LindaBlahovaAUS2\Tasks.h(196,14): warning C4566: character represented by universal-character-name '\u0165' cannot be represented in the current code page (1252)
D:\FRI\3 Letný\SemestralnaPraca2 – tabulky – kópia\LindaBlahovaAUS2\Tasks.h(196,14): warning C4566: character represented by universal-character-name '\u010D' cannot be represented in the current code page (1252)
D:\FRI\3 Letný\SemestralnaPraca2 – tabulky – kópia\LindaBlahovaAUS2\Tasks.h(207,14): warning C4566: character represented by universal-character-name '\u0165' cannot be represented in the current code page (1252)
D:\FRI\3 Letný\SemestralnaPraca2 – tabulky – kópia\LindaBlahovaAUS2\Tasks.h(207,14): warning C4566: character represented by universal-character-name '\u010D' cannot be represented in the current code page (1252)
D:\FRI\3 Letný\SemestralnaPraca2 – tabulky – kópia\LindaBlahovaAUS2\Tasks.h(215,14): warning C4566: character represented by universal-character-name '\u0165' cannot be represented in the current code page (1252)
D:\FRI\3 Letný\SemestralnaPraca2 – tabulky – kópia\LindaBlahovaAUS2\Tasks.h(215,14): warning C4566: character represented by universal-character-name '\u010D' cannot be represented in the current code page (1252)
D:\FRI\3 Letný\SemestralnaPraca2 – tabulky – kópia\LindaBlahovaAUS2\App.h(108,18): warning C4566: character represented by universal-character-name '\u010D' cannot be represented in the current code page (1252)
D:\FRI\3 Letný\SemestralnaPraca2 – tabulky – kópia\LindaBlahovaAUS2\App.h(108,18): warning C4566: character represented by universal-character-name '\u013E' cannot be represented in the current code page (1252)
D:\FRI\3 Letný\SemestralnaPraca2 – tabulky – kópia\LindaBlahovaAUS2\App.h(140,22): warning C4566: character represented by universal-character-name '\u0165' cannot be represented in the current code page (1252)
D:\FRI\3 Letný\SemestralnaPraca2 – tabulky – kópia\LindaBlahovaAUS2\App.h(142,22): warning C4566: character represented by universal-character-name '\u0165' cannot be represented in the current code page (1252)
D:\FRI\3 Letný\SemestralnaPraca2 – tabulky – kópia\LindaBlahovaAUS2\App.h(169,18): warning C4566: character represented by universal-character-name '\u010D' cannot be represented in the current code page (1252)
D:\FRI\3 Letný\SemestralnaPraca2 – tabulky – kópia\LindaBlahovaAUS2\App.h(169,18): warning C4566: character represented by universal-character-name '\u013E' cannot be represented in the current code page (1252)
D:\FRI\3 Letný\SemestralnaPraca2 – tabulky – kópia\LindaBlahovaAUS2\App.h(196,18): warning C4566: character represented by universal-character-name '\u010D' cannot be represented in the current code page (1252)
D:\FRI\3 Letný\SemestralnaPraca2 – tabulky – kópia\LindaBlahovaAUS2\App.h(196,18): warning C4566: character represented by universal-character-name '\u013E' cannot be represented in the current code page (1252)
D:\FRI\3 Letný\SemestralnaPraca2 – tabulky – kópia\LindaBlahovaAUS2\App.h(259,18): warning C4566: character represented by universal-character-name '\u010D' cannot be represented in the current code page (1252)
D:\FRI\3 Letný\SemestralnaPraca2 – tabulky – kópia\LindaBlahovaAUS2\App.h(259,18): warning C4566: character represented by universal-character-name '\u013E' cannot be represented in the current code page (1252)
D:\FRI\3 Letný\SemestralnaPraca2 – tabulky – kópia\LindaBlahovaAUS2\structures\table\sorted_sequence_table.h(70,1): warning C4267: 'argument': conversion from 'size_t' to 'int', possible loss of data
D:\FRI\3 Letný\SemestralnaPraca2 – tabulky – kópia\LindaBlahovaAUS2\structures\table\sorted_sequence_table.h(68): message : while compiling class template member function 'void structures::SortedSequenceTable<std::wstring,TerritorialUnit *>::insert(const K &,const T &)'
          with
          [
              K=std::wstring,
              T=TerritorialUnit *
          ]
D:\FRI\3 Letný\SemestralnaPraca2 – tabulky – kópia\LindaBlahovaAUS2\TerritorialUnit.h(86): message : see reference to function template instantiation 'void structures::SortedSequenceTable<std::wstring,TerritorialUnit *>::insert(const K &,const T &)' being compiled
          with
          [
              K=std::wstring,
              T=TerritorialUnit *
          ]
D:\FRI\3 Letný\SemestralnaPraca2 – tabulky – kópia\LindaBlahovaAUS2\TerritorialUnit.h(48): message : see reference to class template instantiation 'structures::SortedSequenceTable<std::wstring,TerritorialUnit *>' being compiled
D:\FRI\3 Letný\SemestralnaPraca2 – tabulky – kópia\LindaBlahovaAUS2\structures\table\sorted_sequence_table.h(86,1): warning C4267: 'argument': conversion from 'size_t' to 'int', possible loss of data
D:\FRI\3 Letný\SemestralnaPraca2 – tabulky – kópia\LindaBlahovaAUS2\structures\table\sorted_sequence_table.h(84): message : while compiling class template member function 'structures::TableItem<K,T> *structures::SortedSequenceTable<K,T>::findTableItem(const K &) const'
          with
          [
              K=std::wstring,
              T=TerritorialUnit *
          ]
D:\FRI\3 Letný\SemestralnaPraca2 – tabulky – kópia\LindaBlahovaAUS2\structures\table\sorting\heap_sort.h(99,1): warning C4267: 'initializing': conversion from 'size_t' to 'int', possible loss of data
D:\FRI\3 Letný\SemestralnaPraca2 – tabulky – kópia\LindaBlahovaAUS2\structures\table\sorting\heap_sort.h(79): message : while compiling class template member function 'void structures::HeapSort<std::wstring,TerritorialUnit *>::sort(structures::UnsortedSequenceTable<std::wstring,TerritorialUnit *> &,Comparator &)'
D:\FRI\3 Letný\SemestralnaPraca2 – tabulky – kópia\LindaBlahovaAUS2\App.h(178): message : see reference to function template instantiation 'void structures::HeapSort<std::wstring,TerritorialUnit *>::sort(structures::UnsortedSequenceTable<std::wstring,TerritorialUnit *> &,Comparator &)' being compiled
D:\FRI\3 Letný\SemestralnaPraca2 – tabulky – kópia\LindaBlahovaAUS2\App.h(68): message : see reference to class template instantiation 'structures::HeapSort<std::wstring,TerritorialUnit *>' being compiled
D:\FRI\3 Letný\SemestralnaPraca2 – tabulky – kópia\LindaBlahovaAUS2\structures\table\sorting\heap_sort.h(45,1): warning C4267: 'initializing': conversion from 'size_t' to 'int', possible loss of data
D:\FRI\3 Letný\SemestralnaPraca2 – tabulky – kópia\LindaBlahovaAUS2\structures\table\sorting\heap_sort.h(25): message : while compiling class template member function 'void structures::HeapSort<std::wstring,TerritorialUnit *>::sort(structures::UnsortedSequenceTable<std::wstring,TerritorialUnit *> &)'
D:\FRI\3 Letný\SemestralnaPraca2 – tabulky – kópia\LindaBlahovaAUS2\structures\list\array_list.h(228,1): warning C4267: 'argument': conversion from 'size_t' to 'const int', possible loss of data
D:\FRI\3 Letný\SemestralnaPraca2 – tabulky – kópia\LindaBlahovaAUS2\structures\list\array_list.h(222): message : while compiling class template member function 'void structures::ArrayList<structures::TableItem<K,T> *>::add(structures::TableItem<K,T> *const &)'
          with
          [
              K=std::wstring,
              T=TerritorialUnit *
          ]
D:\FRI\3 Letný\SemestralnaPraca2 – tabulky – kópia\LindaBlahovaAUS2\structures\table\sorted_sequence_table.h(49): message : see reference to class template instantiation 'structures::ArrayList<structures::TableItem<K,T> *>' being compiled
          with
          [
              K=std::wstring,
              T=TerritorialUnit *
          ]
D:\FRI\3 Letný\SemestralnaPraca2 – tabulky – kópia\LindaBlahovaAUS2\structures\table\sorted_sequence_table.h(48): message : while compiling class template member function 'structures::SortedSequenceTable<std::wstring,TerritorialUnit *>::SortedSequenceTable(void)'
D:\FRI\3 Letný\SemestralnaPraca2 – tabulky – kópia\LindaBlahovaAUS2\TerritorialUnit.h(48): message : see reference to function template instantiation 'structures::SortedSequenceTable<std::wstring,TerritorialUnit *>::SortedSequenceTable(void)' being compiled
D:\FRI\3 Letný\SemestralnaPraca2 – tabulky – kópia\LindaBlahovaAUS2\structures\list\array_list.h(246,1): warning C4267: 'argument': conversion from 'size_t' to 'const int', possible loss of data
D:\FRI\3 Letný\SemestralnaPraca2 – tabulky – kópia\LindaBlahovaAUS2\structures\list\array_list.h(234): message : while compiling class template member function 'void structures::ArrayList<structures::TableItem<K,T> *>::insert(structures::TableItem<K,T> *const &,const int)'
          with
          [
              K=std::wstring,
              T=TerritorialUnit *
          ]
D:\FRI\3 Letný\SemestralnaPraca2 – tabulky – kópia\LindaBlahovaAUS2\structures\list\array_list.h(272,1): warning C4267: 'argument': conversion from 'size_t' to 'const int', possible loss of data
D:\FRI\3 Letný\SemestralnaPraca2 – tabulky – kópia\LindaBlahovaAUS2\structures\list\array_list.h(268): message : while compiling class template member function 'T structures::ArrayList<T>::removeAt(const int)'
          with
          [
              T=structures::TableItem<std::wstring,TerritorialUnit *> *
          ]
D:\FRI\3 Letný\SemestralnaPraca2 – tabulky – kópia\LindaBlahovaAUS2\structures\list\array_list.h(257): message : see reference to function template instantiation 'T structures::ArrayList<T>::removeAt(const int)' being compiled
          with
          [
              T=structures::TableItem<std::wstring,TerritorialUnit *> *
          ]
D:\FRI\3 Letný\SemestralnaPraca2 – tabulky – kópia\LindaBlahovaAUS2\structures\list\array_list.h(308,1): warning C4267: 'argument': conversion from 'size_t' to 'int', possible loss of data
D:\FRI\3 Letný\SemestralnaPraca2 – tabulky – kópia\LindaBlahovaAUS2\structures\list\array_list.h(306): message : while compiling class template member function 'structures::Iterator<T> *structures::ArrayList<T>::getEndIterator(void) const'
          with
          [
              T=structures::TableItem<std::wstring,TerritorialUnit *> *
          ]
D:\FRI\3 Letný\SemestralnaPraca2 – tabulky – kópia\LindaBlahovaAUS2\structures\list\array_list.h(317,1): warning C4267: 'argument': conversion from 'size_t' to 'const int', possible loss of data
D:\FRI\3 Letný\SemestralnaPraca2 – tabulky – kópia\LindaBlahovaAUS2\structures\list\array_list.h(315): message : while compiling class template member function 'void structures::ArrayList<structures::TableItem<K,T> *>::enlarge(void)'
          with
          [
              K=std::wstring,
              T=TerritorialUnit *
          ]
D:\FRI\3 Letný\SemestralnaPraca2 – tabulky – kópia\LindaBlahovaAUS2\structures\list\array_list.h(226): message : see reference to function template instantiation 'void structures::ArrayList<structures::TableItem<K,T> *>::enlarge(void)' being compiled
          with
          [
              K=std::wstring,
              T=TerritorialUnit *
          ]
D:\FRI\3 Letný\SemestralnaPraca2 – tabulky – kópia\LindaBlahovaAUS2\structures\list\array_list.h(145): message : while compiling class template member function 'structures::ArrayList<structures::TableItem<K,T> *>::ArrayList(void)'
          with
          [
              K=std::wstring,
              T=TerritorialUnit *
          ]
D:\FRI\3 Letný\SemestralnaPraca2 – tabulky – kópia\LindaBlahovaAUS2\structures\table\sorted_sequence_table.h(49): message : see reference to function template instantiation 'structures::ArrayList<structures::TableItem<K,T> *>::ArrayList(void)' being compiled
          with
          [
              K=std::wstring,
              T=TerritorialUnit *
          ]
  LindaBlahovaAUS2.vcxproj -> D:\FRI\3 Letný\SemestralnaPraca2 – tabulky – kópia\LindaBlahovaAUS2\x64\Debug\LindaBlahovaAUS2.exe
